Analysis & Synthesis report for calculator
Sat Jun 10 14:57:09 2023
Quartus Prime Version 18.1.0 Build 625 09/12/2018 SJ Standard Edition


---------------------
; Table of Contents ;
---------------------
  1. Legal Notice
  2. Analysis & Synthesis Summary
  3. Analysis & Synthesis Settings
  4. Parallel Compilation
  5. Analysis & Synthesis Source Files Read
  6. Partition Status Summary
  7. Dependent File Changes for Partition Top
  8. Partition for Top-Level Resource Utilization by Entity
  9. Registers Removed During Synthesis
 10. Removed Registers Triggering Further Register Optimizations
 11. Multiplexer Restructuring Statistics (Restructuring Performed)
 12. Partition Dependent Files
 13. Post-Synthesis Netlist Statistics for Top Partition
 14. Elapsed Time Per Partition
 15. Analysis & Synthesis Messages



----------------
; Legal Notice ;
----------------
Copyright (C) 2018  Intel Corporation. All rights reserved.
Your use of Intel Corporation's design tools, logic functions 
and other software and tools, and its AMPP partner logic 
functions, and any output files from any of the foregoing 
(including device programming or simulation files), and any 
associated documentation or information are expressly subject 
to the terms and conditions of the Intel Program License 
Subscription Agreement, the Intel Quartus Prime License Agreement,
the Intel FPGA IP License Agreement, or other applicable license
agreement, including, without limitation, that your use is for
the sole purpose of programming logic devices manufactured by
Intel and sold by Intel or its authorized distributors.  Please
refer to the applicable agreement for further details.



+--------------------------------------------------------------------------------------+
; Analysis & Synthesis Summary                                                         ;
+------------------------------------+-------------------------------------------------+
; Analysis & Synthesis Status        ; Successful - Sat Jun 10 14:57:09 2023           ;
; Quartus Prime Version              ; 18.1.0 Build 625 09/12/2018 SJ Standard Edition ;
; Revision Name                      ; calculator                                      ;
; Top-level Entity Name              ; calculator                                      ;
; Family                             ; Cyclone IV E                                    ;
; Total logic elements               ; N/A until Partition Merge                       ;
;     Total combinational functions  ; N/A until Partition Merge                       ;
;     Dedicated logic registers      ; N/A until Partition Merge                       ;
; Total registers                    ; N/A until Partition Merge                       ;
; Total pins                         ; N/A until Partition Merge                       ;
; Total virtual pins                 ; N/A until Partition Merge                       ;
; Total memory bits                  ; N/A until Partition Merge                       ;
; Embedded Multiplier 9-bit elements ; N/A until Partition Merge                       ;
; Total PLLs                         ; N/A until Partition Merge                       ;
+------------------------------------+-------------------------------------------------+


+------------------------------------------------------------------------------------------------------------+
; Analysis & Synthesis Settings                                                                              ;
+------------------------------------------------------------------+--------------------+--------------------+
; Option                                                           ; Setting            ; Default Value      ;
+------------------------------------------------------------------+--------------------+--------------------+
; Device                                                           ; EP4CE10E22C8       ;                    ;
; Top-level entity name                                            ; calculator         ; calculator         ;
; Family name                                                      ; Cyclone IV E       ; Cyclone V          ;
; Use smart compilation                                            ; Off                ; Off                ;
; Enable parallel Assembler and Timing Analyzer during compilation ; On                 ; On                 ;
; Enable compact report table                                      ; Off                ; Off                ;
; Restructure Multiplexers                                         ; Auto               ; Auto               ;
; Create Debugging Nodes for IP Cores                              ; Off                ; Off                ;
; Preserve fewer node names                                        ; On                 ; On                 ;
; Intel FPGA IP Evaluation Mode                                    ; Enable             ; Enable             ;
; Verilog Version                                                  ; Verilog_2001       ; Verilog_2001       ;
; VHDL Version                                                     ; VHDL_1993          ; VHDL_1993          ;
; State Machine Processing                                         ; Auto               ; Auto               ;
; Safe State Machine                                               ; Off                ; Off                ;
; Extract Verilog State Machines                                   ; On                 ; On                 ;
; Extract VHDL State Machines                                      ; On                 ; On                 ;
; Ignore Verilog initial constructs                                ; Off                ; Off                ;
; Iteration limit for constant Verilog loops                       ; 5000               ; 5000               ;
; Iteration limit for non-constant Verilog loops                   ; 250                ; 250                ;
; Add Pass-Through Logic to Inferred RAMs                          ; On                 ; On                 ;
; Infer RAMs from Raw Logic                                        ; On                 ; On                 ;
; Parallel Synthesis                                               ; On                 ; On                 ;
; DSP Block Balancing                                              ; Auto               ; Auto               ;
; NOT Gate Push-Back                                               ; On                 ; On                 ;
; Power-Up Don't Care                                              ; On                 ; On                 ;
; Remove Redundant Logic Cells                                     ; Off                ; Off                ;
; Remove Duplicate Registers                                       ; On                 ; On                 ;
; Ignore CARRY Buffers                                             ; Off                ; Off                ;
; Ignore CASCADE Buffers                                           ; Off                ; Off                ;
; Ignore GLOBAL Buffers                                            ; Off                ; Off                ;
; Ignore ROW GLOBAL Buffers                                        ; Off                ; Off                ;
; Ignore LCELL Buffers                                             ; Off                ; Off                ;
; Ignore SOFT Buffers                                              ; On                 ; On                 ;
; Limit AHDL Integers to 32 Bits                                   ; Off                ; Off                ;
; Optimization Technique                                           ; Balanced           ; Balanced           ;
; Carry Chain Length                                               ; 70                 ; 70                 ;
; Auto Carry Chains                                                ; On                 ; On                 ;
; Auto Open-Drain Pins                                             ; On                 ; On                 ;
; Perform WYSIWYG Primitive Resynthesis                            ; Off                ; Off                ;
; Auto ROM Replacement                                             ; On                 ; On                 ;
; Auto RAM Replacement                                             ; On                 ; On                 ;
; Auto DSP Block Replacement                                       ; On                 ; On                 ;
; Auto Shift Register Replacement                                  ; Auto               ; Auto               ;
; Allow Shift Register Merging across Hierarchies                  ; Auto               ; Auto               ;
; Auto Clock Enable Replacement                                    ; On                 ; On                 ;
; Strict RAM Replacement                                           ; Off                ; Off                ;
; Allow Synchronous Control Signals                                ; On                 ; On                 ;
; Force Use of Synchronous Clear Signals                           ; Off                ; Off                ;
; Auto RAM Block Balancing                                         ; On                 ; On                 ;
; Auto RAM to Logic Cell Conversion                                ; Off                ; Off                ;
; Auto Resource Sharing                                            ; Off                ; Off                ;
; Allow Any RAM Size For Recognition                               ; Off                ; Off                ;
; Allow Any ROM Size For Recognition                               ; Off                ; Off                ;
; Allow Any Shift Register Size For Recognition                    ; Off                ; Off                ;
; Use LogicLock Constraints during Resource Balancing              ; On                 ; On                 ;
; Ignore translate_off and synthesis_off directives                ; Off                ; Off                ;
; Timing-Driven Synthesis                                          ; On                 ; On                 ;
; Report Parameter Settings                                        ; On                 ; On                 ;
; Report Source Assignments                                        ; On                 ; On                 ;
; Report Connectivity Checks                                       ; On                 ; On                 ;
; Ignore Maximum Fan-Out Assignments                               ; Off                ; Off                ;
; Synchronization Register Chain Length                            ; 2                  ; 2                  ;
; Power Optimization During Synthesis                              ; Normal compilation ; Normal compilation ;
; HDL message level                                                ; Level2             ; Level2             ;
; Suppress Register Optimization Related Messages                  ; Off                ; Off                ;
; Number of Removed Registers Reported in Synthesis Report         ; 5000               ; 5000               ;
; Number of Swept Nodes Reported in Synthesis Report               ; 5000               ; 5000               ;
; Number of Inverted Registers Reported in Synthesis Report        ; 100                ; 100                ;
; Clock MUX Protection                                             ; On                 ; On                 ;
; Auto Gated Clock Conversion                                      ; Off                ; Off                ;
; Block Design Naming                                              ; Auto               ; Auto               ;
; SDC constraint protection                                        ; Off                ; Off                ;
; Synthesis Effort                                                 ; Auto               ; Auto               ;
; Shift Register Replacement - Allow Asynchronous Clear Signal     ; On                 ; On                 ;
; Pre-Mapping Resynthesis Optimization                             ; Off                ; Off                ;
; Analysis & Synthesis Message Level                               ; Medium             ; Medium             ;
; Disable Register Merging Across Hierarchies                      ; Auto               ; Auto               ;
; Resource Aware Inference For Block RAM                           ; On                 ; On                 ;
+------------------------------------------------------------------+--------------------+--------------------+


+------------------------------------------+
; Parallel Compilation                     ;
+----------------------------+-------------+
; Processors                 ; Number      ;
+----------------------------+-------------+
; Number detected on machine ; 12          ;
; Maximum allowed            ; 6           ;
;                            ;             ;
; Average used               ; 1.00        ;
; Maximum used               ; 6           ;
;                            ;             ;
; Usage by Processor         ; % Time Used ;
;     Processor 1            ; 100.0%      ;
;     Processors 2-6         ;   0.0%      ;
+----------------------------+-------------+


+------------------------------------------------------------------------------------------------------------------------------------------------------------------------------------------------------------+
; Analysis & Synthesis Source Files Read                                                                                                                                                                     ;
+---------------------------------------------+-----------------+------------------------+---------------------------------------------------------------------------------------------------------+---------+
; File Name with User-Entered Path            ; Used in Netlist ; File Type              ; File Name with Absolute Path                                                                            ; Library ;
+---------------------------------------------+-----------------+------------------------+---------------------------------------------------------------------------------------------------------+---------+
; calculator.v                                ; yes             ; User Verilog HDL File  ; C:/Users/christmas/Desktop/quartus/work/calculator-cyclone4/calculator.v                                ;         ;
; output_files/choine_digital_led.v           ; yes             ; User Verilog HDL File  ; C:/Users/christmas/Desktop/quartus/work/calculator-cyclone4/output_files/choine_digital_led.v           ;         ;
; output_files/convert_value_to_digital_led.v ; yes             ; User Verilog HDL File  ; C:/Users/christmas/Desktop/quartus/work/calculator-cyclone4/output_files/convert_value_to_digital_led.v ;         ;
+---------------------------------------------+-----------------+------------------------+---------------------------------------------------------------------------------------------------------+---------+


+--------------------------------------------------------+
; Partition Status Summary                               ;
+----------------+-------------+-------------------------+
; Partition Name ; Synthesized ; Reason                  ;
+----------------+-------------+-------------------------+
; Top            ; yes         ; Dependent files changed ;
+----------------+-------------+-------------------------+


+-------------------------------------------------------------------------------------------------------------------------------+
; Dependent File Changes for Partition Top                                                                                      ;
+-----------+--------------+-------------------+----------+----------------------------------+----------------------------------+
; Hierarchy ; File Name    ; Relative Location ; Change   ; Old                              ; New                              ;
+-----------+--------------+-------------------+----------+----------------------------------+----------------------------------+
; |         ; calculator.v ; Project Directory ; Checksum ; 45dad4433799e0459b004d5a5a8c036a ; 2210b6223c057d89ba7a8e88ff1a6205 ;
+-----------+--------------+-------------------+----------+----------------------------------+----------------------------------+


+-----------------------------------------------------------------------------------------------------------------------------------------------------------------------------------------------------------------------------------------------------------------------+
; Partition for Top-Level Resource Utilization by Entity                                                                                                                                                                                                                ;
+-------------------------------------------+---------------------+---------------------------+-------------+--------------+---------+-----------+------+--------------+--------------------------------------------------+------------------------------+--------------+
; Compilation Hierarchy Node                ; Combinational ALUTs ; Dedicated Logic Registers ; Memory Bits ; DSP Elements ; DSP 9x9 ; DSP 18x18 ; Pins ; Virtual Pins ; Full Hierarchy Name                              ; Entity Name                  ; Library Name ;
+-------------------------------------------+---------------------+---------------------------+-------------+--------------+---------+-----------+------+--------------+--------------------------------------------------+------------------------------+--------------+
; |calculator                               ; 136 (129)           ; 85 (78)                   ; 0           ; 0            ; 0       ; 0         ; 0    ; 0            ; |calculator                                      ; calculator                   ; work         ;
;    |convert_value_to_digital_led:comb_15| ; 7 (7)               ; 7 (7)                     ; 0           ; 0            ; 0       ; 0         ; 0    ; 0            ; |calculator|convert_value_to_digital_led:comb_15 ; convert_value_to_digital_led ; work         ;
+-------------------------------------------+---------------------+---------------------------+-------------+--------------+---------+-----------+------+--------------+--------------------------------------------------+------------------------------+--------------+
Note: For table entries with two numbers listed, the numbers in parentheses indicate the number of resources of the given type used by the specific entity alone. The numbers listed outside of parentheses indicate the total resources of the given type used by the specific entity and all of its sub-entities in the hierarchy.


+---------------------------------------------------------------------------------+
; Registers Removed During Synthesis                                              ;
+----------------------------------------+----------------------------------------+
; Register name                          ; Reason for Removal                     ;
+----------------------------------------+----------------------------------------+
; key_out_reg[0,1]                       ; Stuck at VCC due to stuck port data_in ;
; key_out_reg[2]                         ; Stuck at GND due to stuck port data_in ;
; key_out_reg[3]                         ; Stuck at VCC due to stuck port data_in ;
; index_num[0,1]                         ; Stuck at GND due to stuck port data_in ;
; index_num[2]                           ; Stuck at VCC due to stuck port data_in ;
; indicator_choise[0]~reg0               ; Stuck at VCC due to stuck port data_in ;
; indicator_choise[1]~reg0               ; Stuck at VCC due to stuck port data_in ;
; indicator_choise[2]~reg0               ; Stuck at VCC due to stuck port data_in ;
; indicator_choise[3]~reg0               ; Stuck at GND due to stuck port data_in ;
; indicator_choise[4]~reg0               ; Stuck at VCC due to stuck port data_in ;
; indicator_choise[5]~reg0               ; Stuck at VCC due to stuck port data_in ;
; indicator_choise[6]~reg0               ; Stuck at VCC due to stuck port data_in ;
; indicator_choise[7]~reg0               ; Stuck at VCC due to stuck port data_in ;
; Total Number of Removed Registers = 15 ;                                        ;
+----------------------------------------+----------------------------------------+


+---------------------------------------------------------------------------------------------------------------------------+
; Removed Registers Triggering Further Register Optimizations                                                               ;
+---------------+---------------------------+-------------------------------------------------------------------------------+
; Register name ; Reason for Removal        ; Registers Removed due to This Register                                        ;
+---------------+---------------------------+-------------------------------------------------------------------------------+
; index_num[0]  ; Stuck at GND              ; indicator_choise[0]~reg0, indicator_choise[1]~reg0, indicator_choise[2]~reg0, ;
;               ; due to stuck port data_in ; indicator_choise[3]~reg0, indicator_choise[4]~reg0, indicator_choise[5]~reg0, ;
;               ;                           ; indicator_choise[6]~reg0, indicator_choise[7]~reg0                            ;
+---------------+---------------------------+-------------------------------------------------------------------------------+


+---------------------------------------------------------------------------------------------------------------------------------------------+
; Multiplexer Restructuring Statistics (Restructuring Performed)                                                                              ;
+--------------------+-----------+---------------+----------------------+------------------------+------------+-------------------------------+
; Multiplexer Inputs ; Bus Width ; Baseline Area ; Area if Restructured ; Saving if Restructured ; Registered ; Example Multiplexer Output    ;
+--------------------+-----------+---------------+----------------------+------------------------+------------+-------------------------------+
; 4:1                ; 4 bits    ; 8 LEs         ; 4 LEs                ; 4 LEs                  ; Yes        ; |calculator|digital_number[3] ;
+--------------------+-----------+---------------+----------------------+------------------------+------------+-------------------------------+


+--------------------------------------------------------------------------------------------------------------+
; Partition Dependent Files                                                                                    ;
+---------------------------------------------+-------------------+---------+----------------------------------+
; File                                        ; Location          ; Library ; Checksum                         ;
+---------------------------------------------+-------------------+---------+----------------------------------+
; calculator.v                                ; Project Directory ; work    ; 2210b6223c057d89ba7a8e88ff1a6205 ;
; output_files/choine_digital_led.v           ; Project Directory ; work    ; 2c813d8f05135fcb14a3bd4c320909e0 ;
; output_files/convert_value_to_digital_led.v ; Project Directory ; work    ; ae6b7785d82dce6f4b4ffa86fa23c532 ;
+---------------------------------------------+-------------------+---------+----------------------------------+


+-----------------------------------------------------+
; Post-Synthesis Netlist Statistics for Top Partition ;
+-----------------------+-----------------------------+
; Type                  ; Count                       ;
+-----------------------+-----------------------------+
; boundary_port         ; 34                          ;
; cycloneiii_ff         ; 85                          ;
;     ENA               ; 33                          ;
;     plain             ; 52                          ;
; cycloneiii_lcell_comb ; 136                         ;
;     arith             ; 43                          ;
;         2 data inputs ; 43                          ;
;     normal            ; 93                          ;
;         0 data inputs ; 2                           ;
;         1 data inputs ; 34                          ;
;         2 data inputs ; 25                          ;
;         3 data inputs ; 5                           ;
;         4 data inputs ; 27                          ;
;                       ;                             ;
; Max LUT depth         ; 5.00                        ;
; Average LUT depth     ; 2.81                        ;
+-----------------------+-----------------------------+


+-------------------------------+
; Elapsed Time Per Partition    ;
+----------------+--------------+
; Partition Name ; Elapsed Time ;
+----------------+--------------+
; Top            ; 00:00:00     ;
+----------------+--------------+


+-------------------------------+
; Analysis & Synthesis Messages ;
+-------------------------------+
Info: *******************************************************************
Info: Running Quartus Prime Analysis & Synthesis
    Info: Version 18.1.0 Build 625 09/12/2018 SJ Standard Edition
    Info: Processing started: Sat Jun 10 14:57:03 2023
Info: Command: quartus_map --read_settings_files=on --write_settings_files=off calculator -c calculator
Warning (18236): Number of processors has not been specified which may cause overloading on shared machines.  Set the global assignment NUM_PARALLEL_PROCESSORS in your QSF to an appropriate value for best performance.
Info (20030): Parallel compilation is enabled and will use 6 of the 6 processors detected
Info (12021): Found 1 design units, including 1 entities, in source file calculator.v
    Info (12023): Found entity 1: calculator File: C:/Users/christmas/Desktop/quartus/work/calculator-cyclone4/calculator.v Line: 2
Info (12021): Found 1 design units, including 1 entities, in source file output_files/choine_digital_led.v
    Info (12023): Found entity 1: choice_digital_led File: C:/Users/christmas/Desktop/quartus/work/calculator-cyclone4/output_files/choine_digital_led.v Line: 3
Info (12021): Found 1 design units, including 1 entities, in source file output_files/convert_value_to_digital_led.v
    Info (12023): Found entity 1: convert_value_to_digital_led File: C:/Users/christmas/Desktop/quartus/work/calculator-cyclone4/output_files/convert_value_to_digital_led.v Line: 2
Critical Warning (10846): Verilog HDL Instantiation warning at calculator.v(61): instance has no name File: C:/Users/christmas/Desktop/quartus/work/calculator-cyclone4/calculator.v Line: 61
Info (12127): Elaborating entity "calculator" for the top level hierarchy
Warning (10036): Verilog HDL or VHDL warning at calculator.v(23): object "button_reg" assigned a value but never read File: C:/Users/christmas/Desktop/quartus/work/calculator-cyclone4/calculator.v Line: 23
Warning (10036): Verilog HDL or VHDL warning at calculator.v(39): object "indicator_choise_reg" assigned a value but never read File: C:/Users/christmas/Desktop/quartus/work/calculator-cyclone4/calculator.v Line: 39
Warning (10230): Verilog HDL assignment warning at calculator.v(40): truncated value with size 8 to match size of target (1) File: C:/Users/christmas/Desktop/quartus/work/calculator-cyclone4/calculator.v Line: 40
Warning (10030): Net "indicator_wire[7]" at calculator.v(49) has no driver or initial value, using a default initial value '0' File: C:/Users/christmas/Desktop/quartus/work/calculator-cyclone4/calculator.v Line: 49
Info (12128): Elaborating entity "choice_digital_led" for hierarchy "choice_digital_led:choice_dl" File: C:/Users/christmas/Desktop/quartus/work/calculator-cyclone4/calculator.v Line: 60
Info (12128): Elaborating entity "convert_value_to_digital_led" for hierarchy "convert_value_to_digital_led:comb_15" File: C:/Users/christmas/Desktop/quartus/work/calculator-cyclone4/calculator.v Line: 61
Info (12205): 1 design partition requires Analysis and Synthesis
    Info (12211): Partition "Top" requires synthesis because there were changes to its dependent source files
Info (12209): No design partitions will skip synthesis in the current incremental compilation
Info (281020): Starting Logic Optimization and Technology Mapping for Top Partition
Warning (13024): Output pins are stuck at VCC or GND
    Warning (13410): Pin "key_out[0]" is stuck at VCC File: C:/Users/christmas/Desktop/quartus/work/calculator-cyclone4/calculator.v Line: 6
    Warning (13410): Pin "key_out[1]" is stuck at VCC File: C:/Users/christmas/Desktop/quartus/work/calculator-cyclone4/calculator.v Line: 6
    Warning (13410): Pin "key_out[2]" is stuck at GND File: C:/Users/christmas/Desktop/quartus/work/calculator-cyclone4/calculator.v Line: 6
    Warning (13410): Pin "key_out[3]" is stuck at VCC File: C:/Users/christmas/Desktop/quartus/work/calculator-cyclone4/calculator.v Line: 6
    Warning (13410): Pin "indicator_choise[0]" is stuck at VCC File: C:/Users/christmas/Desktop/quartus/work/calculator-cyclone4/calculator.v Line: 63
    Warning (13410): Pin "indicator_choise[1]" is stuck at VCC File: C:/Users/christmas/Desktop/quartus/work/calculator-cyclone4/calculator.v Line: 63
    Warning (13410): Pin "indicator_choise[2]" is stuck at VCC File: C:/Users/christmas/Desktop/quartus/work/calculator-cyclone4/calculator.v Line: 63
    Warning (13410): Pin "indicator_choise[3]" is stuck at GND File: C:/Users/christmas/Desktop/quartus/work/calculator-cyclone4/calculator.v Line: 63
    Warning (13410): Pin "indicator_choise[4]" is stuck at VCC File: C:/Users/christmas/Desktop/quartus/work/calculator-cyclone4/calculator.v Line: 63
    Warning (13410): Pin "indicator_choise[5]" is stuck at VCC File: C:/Users/christmas/Desktop/quartus/work/calculator-cyclone4/calculator.v Line: 63
    Warning (13410): Pin "indicator_choise[6]" is stuck at VCC File: C:/Users/christmas/Desktop/quartus/work/calculator-cyclone4/calculator.v Line: 63
    Warning (13410): Pin "indicator_choise[7]" is stuck at VCC File: C:/Users/christmas/Desktop/quartus/work/calculator-cyclone4/calculator.v Line: 63
Info (286030): Timing-Driven Synthesis is running
Info (21057): Implemented 179 device resources after synthesis - the final resource count might be different
    Info (21058): Implemented 6 input pins
    Info (21059): Implemented 28 output pins
    Info (21061): Implemented 145 logic cells
Info: Quartus Prime Analysis & Synthesis was successful. 0 errors, 19 warnings
    Info: Peak virtual memory: 4787 megabytes
    Info: Processing ended: Sat Jun 10 14:57:09 2023
    Info: Elapsed time: 00:00:06
    Info: Total CPU time (on all processors): 00:00:12


